This is pdfTeX, Version 3.141592653-2.6-1.40.22 (TeX Live 2021) (preloaded format=pdflatex 2021.12.22)  22 DEC 2021 01:29
entering extended mode
 restricted \write18 enabled.
 file:line:error style messages enabled.
 %&-line parsing enabled.
**symbolist-js.tex
(./symbolist-js.tex
LaTeX2e <2020-10-01> patch level 4
L3 programming layer <2021-02-18>
(/usr/local/texlive/2021/texmf-dist/tex/latex/base/article.cls
Document Class: article 2020/04/10 v1.4m Standard LaTeX document class
(/usr/local/texlive/2021/texmf-dist/tex/latex/base/size10.clo
File: size10.clo 2020/04/10 v1.4m Standard LaTeX file (size option)
)
\c@part=\count179
\c@section=\count180
\c@subsection=\count181
\c@subsubsection=\count182
\c@paragraph=\count183
\c@subparagraph=\count184
\c@figure=\count185
\c@table=\count186
\abovecaptionskip=\skip47
\belowcaptionskip=\skip48
\bibindent=\dimen138
) (./tenor.sty
(/usr/local/texlive/2021/texmf-dist/tex/generic/soul/soul.sty
Package: soul 2003/11/17 v2.4 letterspacing/underlining (mf)
\SOUL@word=\toks15
\SOUL@lasttoken=\toks16
\SOUL@cmds=\toks17
\SOUL@buffer=\toks18
\SOUL@token=\toks19
\SOUL@spaceskip=\skip49
\SOUL@ttwidth=\dimen139
\SOUL@uldp=\dimen140
\SOUL@ulht=\dimen141
)
(/usr/local/texlive/2021/texmf-dist/tex/latex/xcolor/xcolor.sty
Package: xcolor 2016/05/11 v2.12 LaTeX color extensions (UK)

(/usr/local/texlive/2021/texmf-dist/tex/latex/graphics-cfg/color.cfg
File: color.cfg 2016/01/02 v1.6 sample color configuration
)
Package xcolor Info: Package option `usenames' ignored on input line 216.
Package xcolor Info: Driver file: pdftex.def on input line 225.

(/usr/local/texlive/2021/texmf-dist/tex/latex/graphics-def/pdftex.def
File: pdftex.def 2020/10/05 v1.2a Graphics/color driver for pdftex
)
Package xcolor Info: Model `cmy' substituted by `cmy0' on input line 1348.
Package xcolor Info: Model `hsb' substituted by `rgb' on input line 1352.
Package xcolor Info: Model `RGB' extended on input line 1364.
Package xcolor Info: Model `HTML' substituted by `rgb' on input line 1366.
Package xcolor Info: Model `Hsb' substituted by `hsb' on input line 1367.
Package xcolor Info: Model `tHsb' substituted by `hsb' on input line 1368.
Package xcolor Info: Model `HSB' substituted by `hsb' on input line 1369.
Package xcolor Info: Model `Gray' substituted by `gray' on input line 1370.
Package xcolor Info: Model `wave' substituted by `hsb' on input line 1371.

(/usr/local/texlive/2021/texmf-dist/tex/latex/graphics/dvipsnam.def
File: dvipsnam.def 2016/06/17 v3.0m Driver-dependent file (DPC,SPQR)
)))
(/usr/local/texlive/2021/texmf-dist/tex/generic/iftex/ifpdf.sty
Package: ifpdf 2019/10/25 v3.4 ifpdf legacy package. Use iftex instead.

(/usr/local/texlive/2021/texmf-dist/tex/generic/iftex/iftex.sty
Package: iftex 2020/03/06 v1.0d TeX engine tests
))
(/usr/local/texlive/2021/texmf-dist/tex/generic/babel/babel.sty
Package: babel 2021/03/24 3.56 The Babel package

(/usr/local/texlive/2021/texmf-dist/tex/generic/babel/babel.def
File: babel.def 2021/03/24 3.56 Babel common definitions
\babel@savecnt=\count187
\U@D=\dimen142
\l@babelnohyphens=\language87

(/usr/local/texlive/2021/texmf-dist/tex/generic/babel/txtbabel.def)
\bbl@readstream=\read2
)
\bbl@dirlevel=\count188

(/usr/local/texlive/2021/texmf-dist/tex/generic/babel-english/english.ldf
Language: english 2017/06/06 v3.3r English support from the babel system
Package babel Info: \l@canadian = using hyphenrules for english
(babel)             (\language0) on input line 102.
Package babel Info: \l@australian = using hyphenrules for ukenglish
(babel)             (\language21) on input line 105.
Package babel Info: \l@newzealand = using hyphenrules for ukenglish
(babel)             (\language21) on input line 108.
))
(/usr/local/texlive/2021/texmf-dist/tex/latex/preprint/balance.sty
Package: balance 1999/02/23 4.3 (PWD)
\oldvsize=\dimen143
)
(/usr/local/texlive/2021/texmf-dist/tex/latex/listings/listings.sty
(/usr/local/texlive/2021/texmf-dist/tex/latex/graphics/keyval.sty
Package: keyval 2014/10/28 v1.15 key=value parser (DPC)
\KV@toks@=\toks20
)
\lst@mode=\count189
\lst@gtempboxa=\box47
\lst@token=\toks21
\lst@length=\count190
\lst@currlwidth=\dimen144
\lst@column=\count191
\lst@pos=\count192
\lst@lostspace=\dimen145
\lst@width=\dimen146
\lst@newlines=\count193
\lst@lineno=\count194
\lst@maxwidth=\dimen147

(/usr/local/texlive/2021/texmf-dist/tex/latex/listings/lstmisc.sty
File: lstmisc.sty 2020/03/24 1.8d (Carsten Heinz)
\c@lstnumber=\count195
\lst@skipnumbers=\count196
\lst@framebox=\box48
)
(/usr/local/texlive/2021/texmf-dist/tex/latex/listings/listings.cfg
File: listings.cfg 2020/03/24 1.8d listings configuration
))
Package: listings 2020/03/24 1.8d (Carsten Heinz)

(/usr/local/texlive/2021/texmf-dist/tex/latex/tools/xspace.sty
Package: xspace 2014/10/28 v1.13 Space after command names (DPC,MH)
)
(/usr/local/texlive/2021/texmf-dist/tex/latex/hyperref/hyperref.sty
Package: hyperref 2021-02-27 v7.00k Hypertext links for LaTeX

(/usr/local/texlive/2021/texmf-dist/tex/generic/ltxcmds/ltxcmds.sty
Package: ltxcmds 2020-05-10 v1.25 LaTeX kernel commands for general use (HO)
)
(/usr/local/texlive/2021/texmf-dist/tex/generic/pdftexcmds/pdftexcmds.sty
Package: pdftexcmds 2020-06-27 v0.33 Utility functions of pdfTeX for LuaTeX (HO
)

(/usr/local/texlive/2021/texmf-dist/tex/generic/infwarerr/infwarerr.sty
Package: infwarerr 2019/12/03 v1.5 Providing info/warning/error messages (HO)
)
Package pdftexcmds Info: \pdf@primitive is available.
Package pdftexcmds Info: \pdf@ifprimitive is available.
Package pdftexcmds Info: \pdfdraftmode found.
)
(/usr/local/texlive/2021/texmf-dist/tex/generic/kvsetkeys/kvsetkeys.sty
Package: kvsetkeys 2019/12/15 v1.18 Key value parser (HO)
)
(/usr/local/texlive/2021/texmf-dist/tex/generic/kvdefinekeys/kvdefinekeys.sty
Package: kvdefinekeys 2019-12-19 v1.6 Define keys (HO)
)
(/usr/local/texlive/2021/texmf-dist/tex/generic/pdfescape/pdfescape.sty
Package: pdfescape 2019/12/09 v1.15 Implements pdfTeX's escape features (HO)
)
(/usr/local/texlive/2021/texmf-dist/tex/latex/hycolor/hycolor.sty
Package: hycolor 2020-01-27 v1.10 Color options for hyperref/bookmark (HO)
)
(/usr/local/texlive/2021/texmf-dist/tex/latex/letltxmacro/letltxmacro.sty
Package: letltxmacro 2019/12/03 v1.6 Let assignment for LaTeX macros (HO)
)
(/usr/local/texlive/2021/texmf-dist/tex/latex/auxhook/auxhook.sty
Package: auxhook 2019-12-17 v1.6 Hooks for auxiliary files (HO)
)
(/usr/local/texlive/2021/texmf-dist/tex/latex/kvoptions/kvoptions.sty
Package: kvoptions 2020-10-07 v3.14 Key value format for package options (HO)
)
\@linkdim=\dimen148
\Hy@linkcounter=\count197
\Hy@pagecounter=\count198

(/usr/local/texlive/2021/texmf-dist/tex/latex/hyperref/pd1enc.def
File: pd1enc.def 2021-02-27 v7.00k Hyperref: PDFDocEncoding definition (HO)
Now handling font encoding PD1 ...
... no UTF-8 mapping file for font encoding PD1
)
(/usr/local/texlive/2021/texmf-dist/tex/latex/hyperref/hyperref-langpatches.def
File: hyperref-langpatches.def 2021-02-27 v7.00k Hyperref: patches for babel la
nguages
) (/usr/local/texlive/2021/texmf-dist/tex/generic/intcalc/intcalc.sty
Package: intcalc 2019/12/15 v1.3 Expandable calculations with integers (HO)
)
(/usr/local/texlive/2021/texmf-dist/tex/generic/etexcmds/etexcmds.sty
Package: etexcmds 2019/12/15 v1.7 Avoid name clashes with e-TeX commands (HO)
)
\Hy@SavedSpaceFactor=\count199

(/usr/local/texlive/2021/texmf-dist/tex/latex/hyperref/puenc.def
File: puenc.def 2021-02-27 v7.00k Hyperref: PDF Unicode definition (HO)
Now handling font encoding PU ...
... no UTF-8 mapping file for font encoding PU
)
Package hyperref Info: Option `bookmarksnumbered' set `true' on input line 4073
.
Package hyperref Info: Hyper figures OFF on input line 4192.
Package hyperref Info: Link nesting OFF on input line 4197.
Package hyperref Info: Hyper index ON on input line 4200.
Package hyperref Info: Plain pages OFF on input line 4207.
Package hyperref Info: Backreferencing OFF on input line 4212.
Package hyperref Info: Implicit mode ON; LaTeX internals redefined.
Package hyperref Info: Bookmarks ON on input line 4445.
\c@Hy@tempcnt=\count266

(/usr/local/texlive/2021/texmf-dist/tex/latex/url/url.sty
\Urlmuskip=\muskip16
Package: url 2013/09/16  ver 3.4  Verb mode for urls, etc.
)
LaTeX Info: Redefining \url on input line 4804.
\XeTeXLinkMargin=\dimen149

(/usr/local/texlive/2021/texmf-dist/tex/generic/bitset/bitset.sty
Package: bitset 2019/12/09 v1.3 Handle bit-vector datatype (HO)

(/usr/local/texlive/2021/texmf-dist/tex/generic/bigintcalc/bigintcalc.sty
Package: bigintcalc 2019/12/15 v1.5 Expandable calculations on big integers (HO
)
))
\Fld@menulength=\count267
\Field@Width=\dimen150
\Fld@charsize=\dimen151
Package hyperref Info: Hyper figures OFF on input line 6075.
Package hyperref Info: Link nesting OFF on input line 6080.
Package hyperref Info: Hyper index ON on input line 6083.
Package hyperref Info: backreferencing OFF on input line 6090.
Package hyperref Info: Link coloring OFF on input line 6095.
Package hyperref Info: Link coloring with OCG OFF on input line 6100.
Package hyperref Info: PDF/A mode OFF on input line 6105.
LaTeX Info: Redefining \ref on input line 6145.
LaTeX Info: Redefining \pageref on input line 6149.

(/usr/local/texlive/2021/texmf-dist/tex/latex/base/atbegshi-ltx.sty
Package: atbegshi-ltx 2020/08/17 v1.0a Emulation of the original atbegshi packa
ge
with kernel methods
)
\Hy@abspage=\count268
\c@Item=\count269
\c@Hfootnote=\count270
)
Package hyperref Info: Driver: hpdftex.

(/usr/local/texlive/2021/texmf-dist/tex/latex/hyperref/hpdftex.def
File: hpdftex.def 2021-02-27 v7.00k Hyperref driver for pdfTeX

(/usr/local/texlive/2021/texmf-dist/tex/latex/base/atveryend-ltx.sty
Package: atveryend-ltx 2020/08/19 v1.0a Emulation of the original atvery packag
e
with kernel methods
)
\Fld@listcount=\count271
\c@bookmark@seq@number=\count272

(/usr/local/texlive/2021/texmf-dist/tex/latex/rerunfilecheck/rerunfilecheck.sty
Package: rerunfilecheck 2019/12/05 v1.9 Rerun checks for auxiliary files (HO)

(/usr/local/texlive/2021/texmf-dist/tex/generic/uniquecounter/uniquecounter.sty
Package: uniquecounter 2019/12/15 v1.4 Provide unlimited unique counter (HO)
)
Package uniquecounter Info: New unique counter `rerunfilecheck' on input line 2
86.
)
\Hy@SectionHShift=\skip50
) (/usr/local/texlive/2021/texmf-dist/tex/latex/graphics/graphicx.sty
Package: graphicx 2020/09/09 v1.2b Enhanced LaTeX Graphics (DPC,SPQR)

(/usr/local/texlive/2021/texmf-dist/tex/latex/graphics/graphics.sty
Package: graphics 2020/08/30 v1.4c Standard LaTeX Graphics (DPC,SPQR)

(/usr/local/texlive/2021/texmf-dist/tex/latex/graphics/trig.sty
Package: trig 2016/01/03 v1.10 sin cos tan (DPC)
)
(/usr/local/texlive/2021/texmf-dist/tex/latex/graphics-cfg/graphics.cfg
File: graphics.cfg 2016/06/04 v1.11 sample graphics configuration
)
Package graphics Info: Driver file: pdftex.def on input line 105.
)
\Gin@req@height=\dimen152
\Gin@req@width=\dimen153
)
(/usr/local/texlive/2021/texmf-dist/tex/latex/oberdiek/hypcap.sty
Package: hypcap 2016/05/16 v1.12 Adjusting the anchors of captions (HO)
)
Package hyperref Info: Option `colorlinks' set `true' on input line 108.
LaTeX Font Info:    Trying to load font information for OT1+ptm on input line 1
46.

(/usr/local/texlive/2021/texmf-dist/tex/latex/psnfss/ot1ptm.fd
File: ot1ptm.fd 2001/06/04 font definitions for OT1/ptm.
)
(/usr/local/texlive/2021/texmf-dist/tex/latex/l3backend/l3backend-pdftex.def
File: l3backend-pdftex.def 2021-03-18 L3 backend support: PDF output (pdfTeX)
\l__color_backend_stack_int=\count273
\l__pdf_internal_box=\box49
)
(./symbolist-js.aux

LaTeX Warning: Label `subsec:file_format' multiply defined.

)
\openout1 = `symbolist-js.aux'.

LaTeX Font Info:    Checking defaults for OML/cmm/m/it on input line 146.
LaTeX Font Info:    ... okay on input line 146.
LaTeX Font Info:    Checking defaults for OMS/cmsy/m/n on input line 146.
LaTeX Font Info:    ... okay on input line 146.
LaTeX Font Info:    Checking defaults for OT1/cmr/m/n on input line 146.
LaTeX Font Info:    ... okay on input line 146.
LaTeX Font Info:    Checking defaults for T1/cmr/m/n on input line 146.
LaTeX Font Info:    ... okay on input line 146.
LaTeX Font Info:    Checking defaults for TS1/cmr/m/n on input line 146.
LaTeX Font Info:    ... okay on input line 146.
LaTeX Font Info:    Checking defaults for OMX/cmex/m/n on input line 146.
LaTeX Font Info:    ... okay on input line 146.
LaTeX Font Info:    Checking defaults for U/cmr/m/n on input line 146.
LaTeX Font Info:    ... okay on input line 146.
LaTeX Font Info:    Checking defaults for PD1/pdf/m/n on input line 146.
LaTeX Font Info:    ... okay on input line 146.
LaTeX Font Info:    Checking defaults for PU/pdf/m/n on input line 146.
LaTeX Font Info:    ... okay on input line 146.
 (/usr/local/texlive/2021/texmf-dist/tex/context/base/mkii/supp-pdf.mkii
[Loading MPS to PDF converter (version 2006.09.02).]
\scratchcounter=\count274
\scratchdimen=\dimen154
\scratchbox=\box50
\nofMPsegments=\count275
\nofMParguments=\count276
\everyMPshowfont=\toks22
\MPscratchCnt=\count277
\MPscratchDim=\dimen155
\MPnumerator=\count278
\makeMPintoPDFobject=\count279
\everyMPtoPDFconversion=\toks23
) (/usr/local/texlive/2021/texmf-dist/tex/latex/epstopdf-pkg/epstopdf-base.sty
Package: epstopdf-base 2020-01-24 v2.11 Base part for package epstopdf

(/usr/local/texlive/2021/texmf-dist/tex/latex/grfext/grfext.sty
Package: grfext 2019/12/03 v1.3 Manage graphics extensions (HO)
)
Package epstopdf-base Info: Redefining graphics rule for `.eps' on input line 4
85.
Package grfext Info: Graphics extension search list:
(grfext)             [.pdf,.jpeg,.png,.eps]
(grfext)             \AppendGraphicsExtensions on input line 504.

(/usr/local/texlive/2021/texmf-dist/tex/latex/latexconfig/epstopdf-sys.cfg
File: epstopdf-sys.cfg 2010/07/13 v1.3 Configuration of (r)epstopdf for TeX Liv
e
))
\c@lstlisting=\count280
Package hyperref Info: Link coloring ON on input line 146.

(/usr/local/texlive/2021/texmf-dist/tex/latex/hyperref/nameref.sty
Package: nameref 2021-04-02 v2.47 Cross-referencing by name of section

(/usr/local/texlive/2021/texmf-dist/tex/latex/refcount/refcount.sty
Package: refcount 2019/12/15 v3.6 Data extraction from label references (HO)
)
(/usr/local/texlive/2021/texmf-dist/tex/generic/gettitlestring/gettitlestring.s
ty
Package: gettitlestring 2019/12/15 v1.6 Cleanup title references (HO)
)
\c@section@level=\count281
)
LaTeX Info: Redefining \ref on input line 146.
LaTeX Info: Redefining \pageref on input line 146.
LaTeX Info: Redefining \nameref on input line 146.
 (./symbolist-js.out) (./symbolist-js.out)
\@outlinefile=\write3
\openout3 = `symbolist-js.out'.

LaTeX Font Info:    External font `cmex10' loaded for size
(Font)              <7> on input line 150.
LaTeX Font Info:    External font `cmex10' loaded for size
(Font)              <5> on input line 150.
LaTeX Font Info:    Trying to load font information for OT1+pcr on input line 1
50.

(/usr/local/texlive/2021/texmf-dist/tex/latex/psnfss/ot1pcr.fd
File: ot1pcr.fd 2001/06/04 font definitions for OT1/pcr.
)
Overfull \hbox (87.9751pt too wide) in paragraph at lines 150--150
 [][] 
 []

LaTeX Font Info:    Trying to load font information for TS1+ptm on input line 1
50.
(/usr/local/texlive/2021/texmf-dist/tex/latex/psnfss/ts1ptm.fd
File: ts1ptm.fd 2001/06/04 font definitions for TS1/ptm.
)
Overfull \hbox (14.64607pt too wide) in paragraph at lines 171--173
\OT1/ptm/m/n/10 other com-puter aided con-texts. Lever-ag-ing Adobe
 []


Overfull \hbox (0.24596pt too wide) in paragraph at lines 171--173
\OT1/ptm/m/n/10 for-mat, the study shows that SVG, be-ing based
 []


Overfull \hbox (7.37567pt too wide) in paragraph at lines 171--173
\OT1/ptm/m/n/10 and out-lines fu-ture de-vel-op-ments for the project.
 []


Underfull \hbox (badness 10000) in paragraph at lines 171--173

 []


Overfull \hbox (4.39558pt too wide) in paragraph at lines 187--188
\OT1/ptm/m/n/10 to han-dle dif-fer-ent hi-er-ar-chy struc-tures and data
 []

<./figures//symbolist.png, id=105, 1545.775pt x 982.67125pt>
File: ./figures//symbolist.png Graphic file (type png)
<use ./figures//symbolist.png>
Package pdftex.def Info: ./figures//symbolist.png  used on input line 213.
(pdftex.def)             Requested size: 466.62518pt x 296.63295pt.

Overfull \hbox (2.42534pt too wide) in paragraph at lines 228--230
\OT1/ptm/m/n/10 elec-tron IPC) Max ver-sion (node + jweb + Max
 []


Overfull \hbox (3.20575pt too wide) in paragraph at lines 236--237
\OT1/ptm/m/n/10 ous at-tributes of in-for-ma-tion about a sym-
 []


Overfull \hbox (0.476pt too wide) in paragraph at lines 236--237
\OT1/ptm/m/n/10 the au-thor. The \OT1/ptm/m/it/10 se-man-tic data \OT1/ptm/m/n/
10 is the main
 []


Overfull \hbox (6.02582pt too wide) in paragraph at lines 236--237
\OT1/ptm/m/n/10 holder of in-for-ma-tion in the sys-tem, which
 []

[1{/usr/local/texlive/2021/texmf-var/fonts/map/pdftex/updmap/pdftex.map}



]
Overfull \hbox (17.48587pt too wide) in paragraph at lines 238--239
[]\OT1/ptm/b/n/10 performance me-dia\OT1/ptm/m/n/10 , the per-for-mance mech-
 []

<./figures//graphic-representation.pdf, id=120, 602.1657pt x 182.59016pt>
File: ./figures//graphic-representation.pdf Graphic file (type pdf)
<use ./figures//graphic-representation.pdf>
Package pdftex.def Info: ./figures//graphic-representation.pdf  used on input l
ine 244.
(pdftex.def)             Requested size: 233.31259pt x 70.74458pt.

Overfull \hbox (1.44608pt too wide) in paragraph at lines 258--259
\OT1/ptm/m/n/10 the use of the data as a se-quence of events
 []


Overfull \hbox (4.5862pt too wide) in paragraph at lines 259--260
[]\OT1/ptm/m/n/10 mapping be-tween \OT1/ptm/m/it/10 per-for-mance me-dia \OT1/p
tm/m/n/10 and
 []


Overfull \hbox (7.75594pt too wide) in paragraph at lines 259--260
\OT1/ptm/m/it/10 graphic rep-re-sen-ta-tion \OT1/ptm/m/n/10 is achieved through

 []

<./figures//data-to-graphic.pdf, id=121, 550.25471pt x 348.68369pt>
File: ./figures//data-to-graphic.pdf Graphic file (type pdf)
<use ./figures//data-to-graphic.pdf>
Package pdftex.def Info: ./figures//data-to-graphic.pdf  used on input line 263
.
(pdftex.def)             Requested size: 233.31259pt x 147.84543pt.
<./figures//graphic-to-data.pdf, id=122, 550.25471pt x 349.18556pt>
File: ./figures//graphic-to-data.pdf Graphic file (type pdf)
<use ./figures//graphic-to-data.pdf>
Package pdftex.def Info: ./figures//graphic-to-data.pdf  used on input line 270
.
(pdftex.def)             Requested size: 233.31259pt x 148.05823pt.
<./figures//score-lookup.pdf, id=123, 810.09854pt x 331.14915pt>
File: ./figures//score-lookup.pdf Graphic file (type pdf)
<use ./figures//score-lookup.pdf>
Package pdftex.def Info: ./figures//score-lookup.pdf  used on input line 277.
(pdftex.def)             Requested size: 233.31259pt x 95.36885pt.

Overfull \hbox (14.13585pt too wide) in paragraph at lines 288--289
\OT1/ptm/m/n/10 user to edit and cre-ate new data from graphic
 []

[2 <./figures//symbolist.png> <./figures//graphic-representation.pdf>]
Overfull \hbox (7.19583pt too wide) in paragraph at lines 290--291
\OT1/ptm/m/n/10 web-server which routes mes-sages be-tween
 []



pdfTeX warning: /Library/TeX/texbin/pdflatex (file ./figures//symbolist-archite
cture.pdf): PDF inclusion: found PDF version <1.6>, but at most version <1.5> a
llowed
<./figures//symbolist-architecture.pdf, id=149, 1191.45125pt x 316.18124pt>
File: ./figures//symbolist-architecture.pdf Graphic file (type pdf)
<use ./figures//symbolist-architecture.pdf>
Package pdftex.def Info: ./figures//symbolist-architecture.pdf  used on input l
ine 297.
(pdftex.def)             Requested size: 466.62518pt x 123.83124pt.

Overfull \hbox (1.33508pt too wide) in paragraph at lines 305--307
\OT1/ptm/m/n/10 discuss us-ing DOM el-e-ments for hi-er-ar-chy and
 []


Overfull \hbox (3.67393pt too wide) in paragraph at lines 317--320
[]\OT1/ptm/m/n/10 CHECK IF CON-TAIN-ERS STILL EX-IST, edit
 []


Overfull \hbox (0.6561pt too wide) in paragraph at lines 317--320
\OT1/ptm/m/n/10 that out prob-a-bly ev-ery-thing can be a con-tainer
 []


Overfull \hbox (5.56364pt too wide) in paragraph at lines 317--320
\OT1/ptm/m/n/10 IN SCORE, CON-TAINER IS USED TO IDEN-
 []


Overfull \hbox (4.96428pt too wide) in paragraph at lines 317--320
\OT1/ptm/m/n/10 TIFY PAR-ENT EL-E-MENT (but it's not a class) 
 []


Overfull \hbox (1.93561pt too wide) in paragraph at lines 324--325
\OT1/ptm/m/n/10 will re-quire query-ing the par-ent con-tainer sym-
 []


Overfull \hbox (2.4656pt too wide) in paragraph at lines 338--339
[]\OT1/ptm/m/n/10 For ex-am-ple a sim-ple \OT1/ptm/m/it/10 sym-bol \OT1/ptm/m/n
/10 ob-ject might look
 []

LaTeX Font Info:    Trying to load font information for OT1+lmvtt on input line
 346.
(/usr/local/texlive/2021/texmf-dist/tex/latex/lm/ot1lmvtt.fd
File: ot1lmvtt.fd 2015/05/01 v1.6.1 Font defs for Latin Modern
)
LaTeX Font Info:    Trying to load font information for OMS+lmvtt on input line
 347.
LaTeX Font Info:    No file OMSlmvtt.fd. on input line 347.


LaTeX Font Warning: Font shape `OMS/lmvtt/m/n' undefined
(Font)              using `OMS/cmsy/m/n' instead
(Font)              for symbol `textbraceleft' on input line 347.

[3 <./figures//data-to-graphic.pdf> <./figures//graphic-to-data.pdf> <./figures
//score-lookup.pdf>]
LaTeX Font Info:    Trying to load font information for TS1+lmvtt on input line
 370.

(/usr/local/texlive/2021/texmf-dist/tex/latex/lm/ts1lmvtt.fd
File: ts1lmvtt.fd 2015/05/01 v1.6.1 Font defs for Latin Modern
)
Overfull \hbox (3.49547pt too wide) in paragraph at lines 388--389
[]\OT1/ptm/m/n/10 An ex-am-ple ini-tial-iza-tion con-fig file might look
 []


Overfull \hbox (9.47513pt too wide) in paragraph at lines 441--442
\OT1/ptm/m/n/10 SVG for-mat, which is laid out in the `in-dex.html`
 []


Overfull \hbox (10.73497pt too wide) in paragraph at lines 441--442
\OT1/ptm/m/n/10 file. The \OT1/ptm/m/sc/10 draw-socket \OT1/ptm/m/n/10 SVG/HTM-
L/CSS wrap-
 []


Overfull \hbox (7.56511pt too wide) in paragraph at lines 441--442
\OT1/ptm/m/n/10 since the \OT1/ptm/m/it/10 ui[]controller \OT1/ptm/m/n/10 and u
ser def-i-ni-tion scripts
 []


Overfull \hbox (0.86539pt too wide) in paragraph at lines 443--444
[]\OT1/ptm/m/n/10 Since `sym-bol-ist` is con-stantly map-ping to and
 []

LaTeX Font Info:    Trying to load font information for OML+lmvtt on input line
 458.
LaTeX Font Info:    No file OMLlmvtt.fd. on input line 458.

LaTeX Font Warning: Font shape `OML/lmvtt/m/n' undefined
(Font)              using `OML/cmm/m/it' instead
(Font)              for symbol `textless' on input line 458.


Underfull \vbox (badness 6542) has occurred while \output is active []

 [4 <./figures//symbolist-architecture.pdf>]
Overfull \hbox (11.09114pt too wide) in paragraph at lines 511--512
[][][][][][][][][][][][][][] 
 []


Overfull \hbox (18.20036pt too wide) in paragraph at lines 512--513
[][][][][][][][][][][][][][][] 
 []


Overfull \hbox (22.98355pt too wide) in paragraph at lines 513--514
[][][][][][][][][][][][][][][] 
 []


Overfull \hbox (12.9558pt too wide) in paragraph at lines 547--548
[]\OT1/ptm/m/it/10 container \OT1/ptm/m/n/10 (re-quired) the con-tainer sym-
 []


Overfull \hbox (5.74556pt too wide) in paragraph at lines 547--548
\OT1/ptm/m/n/10 there are mul-ti-ple con-tain-ers that sup-
 []

[5]
Overfull \hbox (12.10611pt too wide) in paragraph at lines 586--587
[]\OT1/ptm/m/it/10 method \OT1/ptm/m/n/10 (re-quired) name of ob-ject func-
 []


Overfull \hbox (0.58553pt too wide) in paragraph at lines 624--627
\OT1/ptm/m/n/10 ping be-tween se-man-tic data rep-re-sen-ta-tion and
 []


Overfull \hbox (6.06613pt too wide) in paragraph at lines 742--743
[]\OT1/ptm/m/n/10 In or-der to main-tain an open and un-opinionated
 []


Overfull \hbox (11.94577pt too wide) in paragraph at lines 742--743
\OT1/ptm/m/n/10 not to spec-ify how con-tain-ers and sym-bols should
 []


Overfull \hbox (3.92563pt too wide) in paragraph at lines 742--743
\OT1/ptm/m/n/10 cre-ate these mean-ings through map-ping se-man-
 []


Overfull \hbox (0.26628pt too wide) in paragraph at lines 751--752
\OT1/ptm/m/n/10 screen or win-dow, which pro-vides ac-cess
 []


Overfull \hbox (0.29558pt too wide) in paragraph at lines 753--754
\OT1/ptm/m/n/10 rent ver-sion) a set of in-ter-ac-tive tools that
 []


Overfull \hbox (4.19559pt too wide) in paragraph at lines 763--764
[]\OT1/ptm/m/n/10 once set-ting the con-text, the `palette` tool-
 []

[6]
Overfull \hbox (1.51585pt too wide) in paragraph at lines 769--770
[]\OT1/ptm/m/n/10 selecting and press-ing the `[e]` but-ton en-
 []


Overfull \hbox (3.29573pt too wide) in paragraph at lines 769--770
\OT1/ptm/m/n/10 text where dif-fer-ent user in-ter-ac-tion could
 []

(./james_score.tex)
<figure.pdf, id=366, 602.25pt x 451.6875pt>
File: figure.pdf Graphic file (type pdf)
<use figure.pdf>
Package pdftex.def Info: figure.pdf  used on input line 784.
(pdftex.def)             Requested size: 349.96889pt x 262.48895pt.

Overfull \hbox (2.03569pt too wide) in paragraph at lines 805--811
\OT1/ptm/m/n/10 tributed in elec-tronic form only, there-fore color
 []


Overfull \hbox (18.1456pt too wide) in paragraph at lines 812--814
\OT1/ptm/m/n/10 Fig-ures and ta-bles may ex-tend across both columns
 []


Overfull \hbox (2.31604pt too wide) in paragraph at lines 833--838
\OT1/ptm/m/n/10 must be num-bered in or-der of ap-pear-ance. Ref-
 []


Overfull \hbox (4.2458pt too wide) in paragraph at lines 833--838
\OT1/ptm/m/n/10 er-ence num-bers in the text should ap-pear within
 []

LaTeX Font Info:    External font `cmex10' loaded for size
(Font)              <8> on input line 839.
LaTeX Font Info:    External font `cmex10' loaded for size
(Font)              <6> on input line 839.

Overfull \hbox (13.06528pt too wide) in paragraph at lines 839--840
[]\OT1/ptm/m/n/10 Use ref-er-ences prefer-ably for bib-li-o-graphic items.
 []

(./symbolist-js.bbl
Underfull \hbox (badness 3849) in paragraph at lines 25--28
\OT1/ptm/m/n/10 ist: An open au-thor-ing en-vi-ron-ment
 []


Package balance Warning: You have called \balance in second column
(balance)                Columns might not be balanced.

[7]
Underfull \hbox (badness 3019) in paragraph at lines 30--33
[]\OT1/ptm/m/n/10 A. Some-one, ``Ti-tle of a Con-fer-ence
 []


Underfull \hbox (badness 4229) in paragraph at lines 30--33
\OT1/ptm/m/n/10 Pa-per,'' in \OT1/ptm/m/it/10 Pro-ceed-ings of the In-ter-
 []


Underfull \hbox (badness 10000) in paragraph at lines 30--33
\OT1/ptm/m/it/10 na-tional Con-fer-ence on Tech-nolo-gies
 []

) [8 <./figure.pdf>] (./symbolist-js.aux)

LaTeX Font Warning: Some font shapes were not available, defaults substituted.


LaTeX Warning: There were multiply-defined labels.

Package rerunfilecheck Info: File `symbolist-js.out' has not changed.
(rerunfilecheck)             Checksum: DE0646F95D4AEB2A71A66CE2078FA818;3597.
 )
(\end occurred when \ifx on line 60 was incomplete) 
Here is how much of TeX's memory you used:
 11419 strings out of 478994
 166014 string characters out of 5858183
 705804 words of memory out of 5000000
 28542 multiletter control sequences out of 15000+600000
 424140 words of font info for 58 fonts, out of 8000000 for 9000
 1141 hyphenation exceptions out of 8191
 71i,14n,74p,1083b,1846s stack positions out of 5000i,500n,10000p,200000b,80000s
{/usr/local/texlive/2021/tex
mf-dist/fonts/enc/dvips/lm/lm-ts1.enc}{/usr/local/texlive/2021/texmf-dist/fonts
/enc/dvips/lm/lm-rm.enc}{/usr/local/texlive/2021/texmf-dist/fonts/enc/dvips/bas
e/8r.enc}</usr/local/texlive/2021/texmf-dist/fonts/type1/public/amsfonts/cm/cmm
i10.pfb></usr/local/texlive/2021/texmf-dist/fonts/type1/public/amsfonts/cm/cmmi
8.pfb></usr/local/texlive/2021/texmf-dist/fonts/type1/public/amsfonts/cm/cmsy8.
pfb></usr/local/texlive/2021/texmf-dist/fonts/type1/public/lm/lmvtt10.pfb></usr
/local/texlive/2021/texmf-dist/fonts/type1/urw/courier/ucrr8a.pfb></usr/local/t
exlive/2021/texmf-dist/fonts/type1/urw/times/utmb8a.pfb></usr/local/texlive/202
1/texmf-dist/fonts/type1/urw/times/utmr8a.pfb></usr/local/texlive/2021/texmf-di
st/fonts/type1/urw/times/utmri8a.pfb>
Output written on symbolist-js.pdf (8 pages, 1326237 bytes).
PDF statistics:
 485 PDF objects out of 1000 (max. 8388607)
 423 compressed objects within 5 object streams
 181 named destinations out of 1000 (max. 500000)
 228 words of extra memory for PDF output out of 10000 (max. 10000000)

